Start testing: Sep 27 19:35 CEST
----------------------------------------------------------
1/1 Testing: create_window
1/1 Test: create_window
Command: "/net/cremi/aperigno/PROJET_TECHNO_L3/ptl3iug/build/tests/unit_tests" "create_window" "--durations" "yes" "--warn" "NoAssertions" "--name" "unit_tests ( build)"
Directory: /net/cremi/aperigno/PROJET_TECHNO_L3/ptl3iug/build/tests
"create_window" start time: Sep 27 19:35 CEST
Output:
----------------------------------------------------------
0.152 s: create_window
===============================================================================
All tests passed (1 assertion in 1 test case)

<end of output>
Test time =   0.36 sec
----------------------------------------------------------
Test Passed.
"create_window" end time: Sep 27 19:35 CEST
"create_window" time elapsed: 00:00:00
----------------------------------------------------------

End testing: Sep 27 19:35 CEST

unit =   0.36 sec

