Start testing: Oct 05 13:55 CEST
----------------------------------------------------------
1/3 Testing: create_window
1/3 Test: create_window
Command: "/net/cremi/aperigno/PROJET_TECHNO_L3/ptl3iug/tests/unit_tests" "create_window" "--durations" "yes" "--warn" "NoAssertions" "--name" "unit_tests ( build)"
Directory: /net/cremi/aperigno/PROJET_TECHNO_L3/ptl3iug/tests
"create_window" start time: Oct 05 13:55 CEST
Output:
----------------------------------------------------------
0.144 s: create_window
===============================================================================
All tests passed (4 assertions in 1 test case)

<end of output>
Test time =   0.32 sec
----------------------------------------------------------
Test Passed.
"create_window" end time: Oct 05 13:55 CEST
"create_window" time elapsed: 00:00:00
----------------------------------------------------------

2/3 Testing: TEST 3.2 surface_color red
2/3 Test: TEST 3.2 surface_color red
Command: "/net/cremi/aperigno/PROJET_TECHNO_L3/ptl3iug/tests/unit_tests" "TEST 3.2 surface_color red" "--durations" "yes" "--warn" "NoAssertions" "--name" "unit_tests ( build)"
Directory: /net/cremi/aperigno/PROJET_TECHNO_L3/ptl3iug/tests
"TEST 3.2 surface_color red" start time: Oct 05 13:55 CEST
Output:
----------------------------------------------------------
0.160 s: TEST 3.2 surface_color red
===============================================================================
All tests passed (2 assertions in 1 test case)

<end of output>
Test time =   0.33 sec
----------------------------------------------------------
Test Passed.
"TEST 3.2 surface_color red" end time: Oct 05 13:55 CEST
"TEST 3.2 surface_color red" time elapsed: 00:00:00
----------------------------------------------------------

3/3 Testing: TEST 4.2 surface_color GREEN copy on main window
3/3 Test: TEST 4.2 surface_color GREEN copy on main window
Command: "/net/cremi/aperigno/PROJET_TECHNO_L3/ptl3iug/tests/unit_tests" "TEST 4.2 surface_color GREEN copy on main window" "--durations" "yes" "--warn" "NoAssertions" "--name" "unit_tests ( build)"
Directory: /net/cremi/aperigno/PROJET_TECHNO_L3/ptl3iug/tests
"TEST 4.2 surface_color GREEN copy on main window" start time: Oct 05 13:55 CEST
Output:
----------------------------------------------------------
1.437 s: TEST 4.2 surface_color GREEN copy on main window
===============================================================================
All tests passed (3 assertions in 1 test case)

<end of output>
Test time =   1.58 sec
----------------------------------------------------------
Test Passed.
"TEST 4.2 surface_color GREEN copy on main window" end time: Oct 05 13:55 CEST
"TEST 4.2 surface_color GREEN copy on main window" time elapsed: 00:00:01
----------------------------------------------------------

End testing: Oct 05 13:55 CEST

unit =   2.24 sec

